<?xml version="1.0" encoding="UTF-8"?>
<testsuite xmlns:xsi="http://www.w3.org/2001/XMLSchema-instance" xsi:noNamespaceSchemaLocation="https://maven.apache.org/surefire/maven-surefire-plugin/xsd/surefire-test-report-3.0.xsd" version="3.0" name="com.tinyjvm.cmd.CmdTest" time="0.034" tests="12" errors="0" skipped="0" failures="0">
  <properties>
[...]
</properties>
  <testcase name="testParseCmd_ClassNameWithArgs_Success" classname="com.tinyjvm.cmd.CmdTest" time="0.013"/>
  <testcase name="testParseCmd_EmptyArgs_ReturnsNull" classname="com.tinyjvm.cmd.CmdTest" time="0.001"/>
  <testcase name="testParseCmd_ClasspathLong_Success" classname="com.tinyjvm.cmd.CmdTest" time="0.001"/>
  <testcase name="testParseCmd_ClasspathWithArgs_Success" classname="com.tinyjvm.cmd.CmdTest" time="0.001"/>
  <testcase name="testParseCmd_ClasspathWithComplexPath_Success" classname="com.tinyjvm.cmd.CmdTest" time="0"/>
  <testcase name="testParseCmd_VersionFlag_ReturnsNull" classname="com.tinyjvm.cmd.CmdTest" time="0"/>
  <testcase name="testParseCmd_ClasspathMissingPath_ShouldHandleGracefully" classname="com.tinyjvm.cmd.CmdTest" time="0"/>
  <testcase name="testParseCmd_SimpleClassName_Success" classname="com.tinyjvm.cmd.CmdTest" time="0.001"/>
  <testcase name="testParseCmd_UnknownOption_TreatedAsClassName" classname="com.tinyjvm.cmd.CmdTest" time="0.001"/>
  <testcase name="testParseCmd_ClasspathShort_Success" classname="com.tinyjvm.cmd.CmdTest" time="0.001"/>
  <testcase name="testParseCmd_ClasspathMissingClassName_ShouldHandleGracefully" classname="com.tinyjvm.cmd.CmdTest" time="0.001"/>
  <testcase name="testParseCmd_HelpFlag_ReturnsNull" classname="com.tinyjvm.cmd.CmdTest" time="0"/>
</testsuite>